
> basta-client@0.0.0 start
> ng serve

Node.js version v25.9.0 detected.
Odd numbered Node.js versions will not enter LTS status and should not be used for production. For more information, please see https://nodejs.org/en/about/previous-releases/.
❯ Building...
✔ Building...
Initial chunk files | Names                | Raw size
styles.css          | styles               |  6.77 kB | 
main.js             | main                 |  6.54 kB | 
chunk-HDUJETX5.js   | -                    |  2.46 kB | 
chunk-ZGBWINWN.js   | -                    |  1.45 kB | 
polyfills.js        | polyfills            | 95 bytes | 

                    | Initial total        | 17.31 kB

Lazy chunk files    | Names                | Raw size
chunk-NN3OQPY6.js   | game-component       | 87.46 kB | 
chunk-5WA6IABD.js   | home-component       | 32.00 kB | 
chunk-NPTPTXPQ.js   | game-setup-component | 30.89 kB | 
chunk-FWJWRIUY.js   | lobby-component      | 29.52 kB | 
chunk-BCE7XUJY.js   | -                    |  6.28 kB | 
chunk-AEGBHACT.js   | -                    |  3.92 kB | 
chunk-UK5FEVVJ.js   | game-over-component  |  2.69 kB | 
chunk-E7TZH6RE.js   | scoring-component    |  2.67 kB | 

Application bundle generation complete. [1.184 seconds] - 2026-05-02T04:22:24.878Z

Watch mode enabled. Watching for file changes...
NOTE: Raw file sizes do not reflect development server per-request transformations.
  ➜  Local:   http://localhost:4200/
